This is pdfTeX, Version 3.1415926-2.5-1.40.14 (TeX Live 2013) (format=pdflatex 2013.5.30)  9 MAY 2014 20:50
entering extended mode
 restricted \write18 enabled.
 file:line:error style messages enabled.
 %&-line parsing enabled.
**template.tex
(./template.tex
LaTeX2e <2011/06/27>
Babel <3.9f> and hyphenation patterns for 78 languages loaded.

LaTeX Warning: File `example.eps' already exists on the system.
               Not generating it from this source.

(/usr/local/texlive/2013/texmf-dist/tex/latex/base/fix-cm.sty
Package: fix-cm 2006/09/13 v1.1m fixes to LaTeX

(/usr/local/texlive/2013/texmf-dist/tex/latex/base/ts1enc.def
File: ts1enc.def 2001/06/05 v3.0e (jk/car/fm) Standard LaTeX file
)) (./svjour3.cls
Document Class: svjour3 2007/05/08 v3.2 
LaTeX document class for Springer journals
Class Springer-SVJour3 Info: extra/valid Springer sub-package (-> *.clo) 
(Springer-SVJour3)           not found in option list of \documentclass
(Springer-SVJour3)           - autoactivating "global" style.
(./svglov3.clo
File: svglov3.clo 2009/12/18 v3.2 style option for standardised journals

SVJour Class option: svglov3.clo for standardised journals
)
LaTeX Font Info:    Redeclaring math symbol \Gamma on input line 147.
LaTeX Font Info:    Redeclaring math symbol \Delta on input line 148.
LaTeX Font Info:    Redeclaring math symbol \Theta on input line 149.
LaTeX Font Info:    Redeclaring math symbol \Lambda on input line 150.
LaTeX Font Info:    Redeclaring math symbol \Xi on input line 151.
LaTeX Font Info:    Redeclaring math symbol \Pi on input line 152.
LaTeX Font Info:    Redeclaring math symbol \Sigma on input line 153.
LaTeX Font Info:    Redeclaring math symbol \Upsilon on input line 154.
LaTeX Font Info:    Redeclaring math symbol \Phi on input line 155.
LaTeX Font Info:    Redeclaring math symbol \Psi on input line 156.
LaTeX Font Info:    Redeclaring math symbol \Omega on input line 157.
\logodepth=\dimen102
\headerboxheight=\dimen103
\betweenumberspace=\dimen104
\aftertext=\dimen105
\headlineindent=\dimen106
\c@inst=\count79
\c@auth=\count80
\instindent=\dimen107
\authrun=\box26
\authorrunning=\toks14
\titrun=\box27
\titlerunning=\toks15
\combirun=\box28
\c@lastpage=\count81
\rubricwidth=\dimen108
\c@section=\count82
\c@subsection=\count83
\c@subsubsection=\count84
\c@paragraph=\count85
\c@subparagraph=\count86
\spthmsep=\dimen109
\c@theorem=\count87
\c@case=\count88
\c@conjecture=\count89
\c@corollary=\count90
\c@definition=\count91
\c@example=\count92
\c@exercise=\count93
\c@lemma=\count94
\c@note=\count95
\c@problem=\count96
\c@property=\count97
\c@proposition=\count98
\c@question=\count99
\c@solution=\count100
\c@remark=\count101
\c@figure=\count102
\c@table=\count103
\abovecaptionskip=\skip41
\belowcaptionskip=\skip42
\figcapgap=\dimen110
\tabcapgap=\dimen111
\figgap=\dimen112
\bibindent=\dimen113
\@tempcntc=\count104
) (/usr/local/texlive/2013/texmf-dist/tex/latex/graphics/graphicx.sty
Package: graphicx 1999/02/16 v1.0f Enhanced LaTeX Graphics (DPC,SPQR)

(/usr/local/texlive/2013/texmf-dist/tex/latex/graphics/keyval.sty
Package: keyval 1999/03/16 v1.13 key=value parser (DPC)
\KV@toks@=\toks16
)
(/usr/local/texlive/2013/texmf-dist/tex/latex/graphics/graphics.sty
Package: graphics 2009/02/05 v1.0o Standard LaTeX Graphics (DPC,SPQR)

(/usr/local/texlive/2013/texmf-dist/tex/latex/graphics/trig.sty
Package: trig 1999/03/16 v1.09 sin cos tan (DPC)
)
(/usr/local/texlive/2013/texmf-dist/tex/latex/latexconfig/graphics.cfg
File: graphics.cfg 2010/04/23 v1.9 graphics configuration of TeX Live
)
Package graphics Info: Driver file: pdftex.def on input line 91.

(/usr/local/texlive/2013/texmf-dist/tex/latex/pdftex-def/pdftex.def
File: pdftex.def 2011/05/27 v0.06d Graphics/color for pdfTeX

(/usr/local/texlive/2013/texmf-dist/tex/generic/oberdiek/infwarerr.sty
Package: infwarerr 2010/04/08 v1.3 Providing info/warning/error messages (HO)
)
(/usr/local/texlive/2013/texmf-dist/tex/generic/oberdiek/ltxcmds.sty
Package: ltxcmds 2011/11/09 v1.22 LaTeX kernel commands for general use (HO)
)
\Gread@gobject=\count105
))
\Gin@req@height=\dimen114
\Gin@req@width=\dimen115
)
(/usr/local/texlive/2013/texmf-dist/tex/latex/graphics/color.sty
Package: color 2005/11/14 v1.0j Standard LaTeX Color (DPC)

(/usr/local/texlive/2013/texmf-dist/tex/latex/latexconfig/color.cfg
File: color.cfg 2007/01/18 v1.5 color configuration of teTeX/TeXLive
)
Package color Info: Driver file: pdftex.def on input line 130.
)
(/usr/local/texlive/2013/texmf-dist/tex/latex/tools/bm.sty
Package: bm 2004/02/26 v1.1c Bold Symbol Support (DPC/FMi)
\symboldoperators=\mathgroup4
\symboldletters=\mathgroup5
\symboldsymbols=\mathgroup6
LaTeX Font Info:    Redeclaring math alphabet \mathbf on input line 138.
LaTeX Info: Redefining \bm on input line 204.
)
(/usr/local/texlive/2013/texmf-dist/tex/latex/natbib/natbib.sty
Package: natbib 2010/09/13 8.31b (PWD, AO)
\bibhang=\skip43
\bibsep=\skip44
LaTeX Info: Redefining \cite on input line 694.
\c@NAT@ctr=\count106
)
(/usr/local/texlive/2013/texmf-dist/tex/latex/hyperref/hyperref.sty
Package: hyperref 2012/11/06 v6.83m Hypertext links for LaTeX

(/usr/local/texlive/2013/texmf-dist/tex/generic/oberdiek/hobsub-hyperref.sty
Package: hobsub-hyperref 2012/05/28 v1.13 Bundle oberdiek, subset hyperref (HO)


(/usr/local/texlive/2013/texmf-dist/tex/generic/oberdiek/hobsub-generic.sty
Package: hobsub-generic 2012/05/28 v1.13 Bundle oberdiek, subset generic (HO)
Package: hobsub 2012/05/28 v1.13 Construct package bundles (HO)
Package hobsub Info: Skipping package `infwarerr' (already loaded).
Package hobsub Info: Skipping package `ltxcmds' (already loaded).
Package: ifluatex 2010/03/01 v1.3 Provides the ifluatex switch (HO)
Package ifluatex Info: LuaTeX not detected.
Package: ifvtex 2010/03/01 v1.5 Detect VTeX and its facilities (HO)
Package ifvtex Info: VTeX not detected.
Package: intcalc 2007/09/27 v1.1 Expandable calculations with integers (HO)
Package: ifpdf 2011/01/30 v2.3 Provides the ifpdf switch (HO)
Package ifpdf Info: pdfTeX in PDF mode is detected.
Package: etexcmds 2011/02/16 v1.5 Avoid name clashes with e-TeX commands (HO)
Package etexcmds Info: Could not find \expanded.
(etexcmds)             That can mean that you are not using pdfTeX 1.50 or
(etexcmds)             that some package has redefined \expanded.
(etexcmds)             In the latter case, load this package earlier.
Package: kvsetkeys 2012/04/25 v1.16 Key value parser (HO)
Package: kvdefinekeys 2011/04/07 v1.3 Define keys (HO)
Package: pdftexcmds 2011/11/29 v0.20 Utility functions of pdfTeX for LuaTeX (HO
)
Package pdftexcmds Info: LuaTeX not detected.
Package pdftexcmds Info: \pdf@primitive is available.
Package pdftexcmds Info: \pdf@ifprimitive is available.
Package pdftexcmds Info: \pdfdraftmode found.
Package: pdfescape 2011/11/25 v1.13 Implements pdfTeX's escape features (HO)
Package: bigintcalc 2012/04/08 v1.3 Expandable calculations on big integers (HO
)
Package: bitset 2011/01/30 v1.1 Handle bit-vector datatype (HO)
Package: uniquecounter 2011/01/30 v1.2 Provide unlimited unique counter (HO)
)
Package hobsub Info: Skipping package `hobsub' (already loaded).
Package: letltxmacro 2010/09/02 v1.4 Let assignment for LaTeX macros (HO)
Package: hopatch 2012/05/28 v1.2 Wrapper for package hooks (HO)
Package: xcolor-patch 2011/01/30 xcolor patch
Package: atveryend 2011/06/30 v1.8 Hooks at the very end of document (HO)
Package atveryend Info: \enddocument detected (standard20110627).
Package: atbegshi 2011/10/05 v1.16 At begin shipout hook (HO)
Package: refcount 2011/10/16 v3.4 Data extraction from label references (HO)
Package: hycolor 2011/01/30 v1.7 Color options for hyperref/bookmark (HO)
)
(/usr/local/texlive/2013/texmf-dist/tex/generic/ifxetex/ifxetex.sty
Package: ifxetex 2010/09/12 v0.6 Provides ifxetex conditional
)
(/usr/local/texlive/2013/texmf-dist/tex/latex/oberdiek/auxhook.sty
Package: auxhook 2011/03/04 v1.3 Hooks for auxiliary files (HO)
)
(/usr/local/texlive/2013/texmf-dist/tex/latex/oberdiek/kvoptions.sty
Package: kvoptions 2011/06/30 v3.11 Key value format for package options (HO)
)
\@linkdim=\dimen116
\Hy@linkcounter=\count107
\Hy@pagecounter=\count108

(/usr/local/texlive/2013/texmf-dist/tex/latex/hyperref/pd1enc.def
File: pd1enc.def 2012/11/06 v6.83m Hyperref: PDFDocEncoding definition (HO)
)
\Hy@SavedSpaceFactor=\count109

(/usr/local/texlive/2013/texmf-dist/tex/latex/latexconfig/hyperref.cfg
File: hyperref.cfg 2002/06/06 v1.2 hyperref configuration of TeXLive
)
Package hyperref Info: Option `colorlinks' set `true' on input line 4319.
Package hyperref Info: Option `breaklinks' set `true' on input line 4319.
Package hyperref Info: Hyper figures OFF on input line 4443.
Package hyperref Info: Link nesting OFF on input line 4448.
Package hyperref Info: Hyper index ON on input line 4451.
Package hyperref Info: Plain pages OFF on input line 4458.
Package hyperref Info: Backreferencing OFF on input line 4463.
Package hyperref Info: Implicit mode ON; LaTeX internals redefined.
Package hyperref Info: Bookmarks ON on input line 4688.
\c@Hy@tempcnt=\count110

(/usr/local/texlive/2013/texmf-dist/tex/latex/url/url.sty
\Urlmuskip=\muskip10
Package: url 2006/04/12  ver 3.3  Verb mode for urls, etc.
)
LaTeX Info: Redefining \url on input line 5041.
\XeTeXLinkMargin=\dimen117
\Fld@menulength=\count111
\Field@Width=\dimen118
\Fld@charsize=\dimen119
Package hyperref Info: Hyper figures OFF on input line 6295.
Package hyperref Info: Link nesting OFF on input line 6300.
Package hyperref Info: Hyper index ON on input line 6303.
Package hyperref Info: backreferencing OFF on input line 6310.
Package hyperref Info: Link coloring ON on input line 6313.
Package hyperref Info: Link coloring with OCG OFF on input line 6320.
Package hyperref Info: PDF/A mode OFF on input line 6325.
LaTeX Info: Redefining \ref on input line 6365.
LaTeX Info: Redefining \pageref on input line 6369.
\Hy@abspage=\count112
\c@Item=\count113
\c@Hfootnote=\count114
)

Package hyperref Message: Driver (autodetected): hpdftex.

(/usr/local/texlive/2013/texmf-dist/tex/latex/hyperref/hpdftex.def
File: hpdftex.def 2012/11/06 v6.83m Hyperref driver for pdfTeX
\Fld@listcount=\count115
\c@bookmark@seq@number=\count116

(/usr/local/texlive/2013/texmf-dist/tex/latex/oberdiek/rerunfilecheck.sty
Package: rerunfilecheck 2011/04/15 v1.7 Rerun checks for auxiliary files (HO)
Package uniquecounter Info: New unique counter `rerunfilecheck' on input line 2
82.
)
\Hy@SectionHShift=\skip45
)
(/usr/local/texlive/2013/texmf-dist/tex/latex/multirow/multirow.sty
\bigstrutjot=\dimen120
)
(/usr/local/texlive/2013/texmf-dist/tex/latex/booktabs/booktabs.sty
Package: booktabs 2005/04/14 v1.61803 publication quality tables
\heavyrulewidth=\dimen121
\lightrulewidth=\dimen122
\cmidrulewidth=\dimen123
\belowrulesep=\dimen124
\belowbottomsep=\dimen125
\aboverulesep=\dimen126
\abovetopsep=\dimen127
\cmidrulesep=\dimen128
\cmidrulekern=\dimen129
\defaultaddspace=\dimen130
\@cmidla=\count117
\@cmidlb=\count118
\@aboverulesep=\dimen131
\@belowrulesep=\dimen132
\@thisruleclass=\count119
\@lastruleclass=\count120
\@thisrulewidth=\dimen133
)
(/usr/local/texlive/2013/texmf-dist/tex/latex/ctable/ctable.sty
Package: ctable 2013/05/24 v1.25 Easy, key=value directed, option-rich, typeset
ting of floats

(/usr/local/texlive/2013/texmf-dist/tex/latex/xcolor/xcolor.sty
Package: xcolor 2007/01/21 v2.11 LaTeX color extensions (UK)

(/usr/local/texlive/2013/texmf-dist/tex/latex/latexconfig/color.cfg
File: color.cfg 2007/01/18 v1.5 color configuration of teTeX/TeXLive
)
Package xcolor Info: Driver file: pdftex.def on input line 225.
LaTeX Info: Redefining \color on input line 702.
Package xcolor Info: Model `cmy' substituted by `cmy0' on input line 1337.
Package xcolor Info: Model `hsb' substituted by `rgb' on input line 1341.
Package xcolor Info: Model `RGB' extended on input line 1353.
Package xcolor Info: Model `HTML' substituted by `rgb' on input line 1355.
Package xcolor Info: Model `Hsb' substituted by `hsb' on input line 1356.
Package xcolor Info: Model `tHsb' substituted by `hsb' on input line 1357.
Package xcolor Info: Model `HSB' substituted by `hsb' on input line 1358.
Package xcolor Info: Model `Gray' substituted by `gray' on input line 1359.
Package xcolor Info: Model `wave' substituted by `hsb' on input line 1360.
)
(/usr/local/texlive/2013/texmf-dist/tex/latex/xkeyval/xkeyval.sty
Package: xkeyval 2012/10/14 v2.6b package option processing (HA)

(/usr/local/texlive/2013/texmf-dist/tex/generic/xkeyval/xkeyval.tex
\XKV@toks=\toks17
\XKV@tempa@toks=\toks18
\XKV@depth=\count121
File: xkeyval.tex 2012/10/14 v2.6b key=value parser (HA)
))
(/usr/local/texlive/2013/texmf-dist/tex/latex/tools/array.sty
Package: array 2008/09/09 v2.4c Tabular extension package (FMi)
\col@sep=\dimen134
\extrarowheight=\dimen135
\NC@list=\toks19
\extratabsurround=\skip46
\backup@length=\skip47
)
(/usr/local/texlive/2013/texmf-dist/tex/latex/tools/tabularx.sty
Package: tabularx 1999/01/07 v2.07 `tabularx' package (DPC)
\TX@col@width=\dimen136
\TX@old@table=\dimen137
\TX@old@col=\dimen138
\TX@target=\dimen139
\TX@delta=\dimen140
\TX@cols=\count122
\TX@ftn=\toks20
)
(/usr/local/texlive/2013/texmf-dist/tex/latex/rotating/rotating.sty
Package: rotating 2009/03/28 v2.16a rotated objects in LaTeX

(/usr/local/texlive/2013/texmf-dist/tex/latex/base/ifthen.sty
Package: ifthen 2001/05/26 v1.1c Standard LaTeX ifthen package (DPC)
)
\c@r@tfl@t=\count123
\rotFPtop=\skip48
\rotFPbot=\skip49
\rot@float@box=\box29
\rot@mess@toks=\toks21
)
(/usr/local/texlive/2013/texmf-dist/tex/latex/oberdiek/transparent.sty
Package: transparent 2007/01/08 v1.0 Transparency via pdfTeX's color stack (HO)

)
\@ctblframesep=\dimen141
\@defaultctblframesep=\dimen142
\@ctblframerule=\dimen143
\@defaultctblframerule=\dimen144
\@ctblwidth=\dimen145
\@defaultctblwidth=\dimen146
\@ctblcaptionskip=\dimen147
\@defaultctblcaptionskip=\dimen148
\@ctblmaxwidth=\dimen149
\@defaultctblmaxwidth=\dimen150
\@ctblmincapwidth=\dimen151
\@defaultctblmincapwidth=\dimen152
\@ctblfooterwidth=\dimen153
\@defaultctblfooterwidth=\dimen154
\@ctblw=\dimen155
\@ctblfloatwidth=\dimen156
\@ctbloldsep=\dimen157
\@ctbloldrule=\dimen158
\ctbl@t=\box30
)
(/usr/local/texlive/2013/texmf-dist/tex/latex/amsmath/amsmath.sty
Package: amsmath 2013/01/14 v2.14 AMS math features
\@mathmargin=\skip50

For additional information on amsmath, use the `?' option.
(/usr/local/texlive/2013/texmf-dist/tex/latex/amsmath/amstext.sty
Package: amstext 2000/06/29 v2.01

(/usr/local/texlive/2013/texmf-dist/tex/latex/amsmath/amsgen.sty
File: amsgen.sty 1999/11/30 v2.0
\@emptytoks=\toks22
\ex@=\dimen159
))
(/usr/local/texlive/2013/texmf-dist/tex/latex/amsmath/amsbsy.sty
Package: amsbsy 1999/11/29 v1.2d
LaTeX Info: Redefining \boldsymbol on input line 39.
\pmbraise@=\dimen160
)
(/usr/local/texlive/2013/texmf-dist/tex/latex/amsmath/amsopn.sty
Package: amsopn 1999/12/14 v2.01 operator names
)
\inf@bad=\count124
LaTeX Info: Redefining \frac on input line 210.
\uproot@=\count125
\leftroot@=\count126
LaTeX Info: Redefining \overline on input line 306.
\classnum@=\count127
\DOTSCASE@=\count128
LaTeX Info: Redefining \ldots on input line 378.
LaTeX Info: Redefining \dots on input line 381.
LaTeX Info: Redefining \cdots on input line 466.
\Mathstrutbox@=\box31
\strutbox@=\box32
\big@size=\dimen161
LaTeX Font Info:    Redeclaring font encoding OML on input line 566.
LaTeX Font Info:    Redeclaring font encoding OMS on input line 567.


Package amsmath Warning: Unable to redefine math accent \vec.

\macc@depth=\count129
\c@MaxMatrixCols=\count130
\dotsspace@=\muskip11
\c@parentequation=\count131
\dspbrk@lvl=\count132
\tag@help=\toks23
\row@=\count133
\column@=\count134
\maxfields@=\count135
\andhelp@=\toks24
\eqnshift@=\dimen162
\alignsep@=\dimen163
\tagshift@=\dimen164
\tagwidth@=\dimen165
\totwidth@=\dimen166
\lineht@=\dimen167
\@envbody=\toks25
\multlinegap=\skip51
\multlinetaggap=\skip52
\mathdisplay@stack=\toks26
LaTeX Info: Redefining \[ on input line 2665.
LaTeX Info: Redefining \] on input line 2666.
) (/usr/local/texlive/2013/texmf-dist/tex/latex/amsfonts/amssymb.sty
Package: amssymb 2013/01/14 v3.01 AMS font symbols

(/usr/local/texlive/2013/texmf-dist/tex/latex/amsfonts/amsfonts.sty
Package: amsfonts 2013/01/14 v3.01 Basic AMSFonts support
\symAMSa=\mathgroup7
\symAMSb=\mathgroup8
LaTeX Font Info:    Overwriting math alphabet `\mathfrak' in version `bold'
(Font)                  U/euf/m/n --> U/euf/b/n on input line 106.
))
(./template.aux)
\openout1 = `template.aux'.

LaTeX Font Info:    Checking defaults for OML/cmm/m/it on input line 74.
LaTeX Font Info:    ... okay on input line 74.
LaTeX Font Info:    Checking defaults for T1/cmr/m/n on input line 74.
LaTeX Font Info:    ... okay on input line 74.
LaTeX Font Info:    Checking defaults for OT1/cmr/m/n on input line 74.
LaTeX Font Info:    ... okay on input line 74.
LaTeX Font Info:    Checking defaults for OMS/cmsy/m/n on input line 74.
LaTeX Font Info:    ... okay on input line 74.
LaTeX Font Info:    Checking defaults for OMX/cmex/m/n on input line 74.
LaTeX Font Info:    ... okay on input line 74.
LaTeX Font Info:    Checking defaults for U/cmr/m/n on input line 74.
LaTeX Font Info:    ... okay on input line 74.
LaTeX Font Info:    Checking defaults for TS1/cmr/m/n on input line 74.
LaTeX Font Info:    ... okay on input line 74.
LaTeX Font Info:    Checking defaults for PD1/pdf/m/n on input line 74.
LaTeX Font Info:    ... okay on input line 74.

Unknown journal: specify \journalname{<name of your journal>} in preambel

(/usr/local/texlive/2013/texmf-dist/tex/context/base/supp-pdf.mkii
[Loading MPS to PDF converter (version 2006.09.02).]
\scratchcounter=\count136
\scratchdimen=\dimen168
\scratchbox=\box33
\nofMPsegments=\count137
\nofMParguments=\count138
\everyMPshowfont=\toks27
\MPscratchCnt=\count139
\MPscratchDim=\dimen169
\MPnumerator=\count140
\makeMPintoPDFobject=\count141
\everyMPtoPDFconversion=\toks28
) (/usr/local/texlive/2013/texmf-dist/tex/latex/oberdiek/epstopdf-base.sty
Package: epstopdf-base 2010/02/09 v2.5 Base part for package epstopdf

(/usr/local/texlive/2013/texmf-dist/tex/latex/oberdiek/grfext.sty
Package: grfext 2010/08/19 v1.1 Manage graphics extensions (HO)
)
Package grfext Info: Graphics extension search list:
(grfext)             [.png,.pdf,.jpg,.mps,.jpeg,.jbig2,.jb2,.PNG,.PDF,.JPG,.JPE
G,.JBIG2,.JB2,.eps]
(grfext)             \AppendGraphicsExtensions on input line 452.

(/usr/local/texlive/2013/texmf-dist/tex/latex/latexconfig/epstopdf-sys.cfg
File: epstopdf-sys.cfg 2010/07/13 v1.3 Configuration of (r)epstopdf for TeX Liv
e
))
\AtBeginShipoutBox=\box34
Package hyperref Info: Link coloring ON on input line 74.

(/usr/local/texlive/2013/texmf-dist/tex/latex/hyperref/nameref.sty
Package: nameref 2012/10/27 v2.43 Cross-referencing by name of section

(/usr/local/texlive/2013/texmf-dist/tex/generic/oberdiek/gettitlestring.sty
Package: gettitlestring 2010/12/03 v1.4 Cleanup title references (HO)
)
\c@section@level=\count142
)
LaTeX Info: Redefining \ref on input line 74.
LaTeX Info: Redefining \pageref on input line 74.
LaTeX Info: Redefining \nameref on input line 74.

(./template.out) (./template.out)
\@outlinefile=\write3
\openout3 = `template.out'.


SVJour3 warning: Missing \journalname
LaTeX Font Info:    Try loading font information for U+msa on input line 116.
(/usr/local/texlive/2013/texmf-dist/tex/latex/amsfonts/umsa.fd
File: umsa.fd 2013/01/14 v3.01 AMS symbols A
)
LaTeX Font Info:    Try loading font information for U+msb on input line 116.

(/usr/local/texlive/2013/texmf-dist/tex/latex/amsfonts/umsb.fd
File: umsb.fd 2013/01/14 v3.01 AMS symbols B
)

SVJour3 Warning: Title too long for running head.
Please supply a shorter form with \titlerunning prior to \maketitle
[1{/usr/local/texlive/2013/texmf-var/fonts/map/pdftex/updmap/pdftex.map}]
[2] [3]
Package epstopdf Info: Source file: <Fig1a.eps>
(epstopdf)                    date: 2014-05-09 20:16:49
(epstopdf)                    size: 2105623 bytes
(epstopdf)             Output file: <Fig1a-eps-converted-to.pdf>
(epstopdf)                    date: 2014-05-09 20:45:11
(epstopdf)                    size: 41427 bytes
(epstopdf)             Command: <repstopdf --outfile=Fig1a-eps-converted-to.pdf
 Fig1a.eps>
(epstopdf)             \includegraphics on input line 434.
Package epstopdf Info: Output file is already uptodate.
 <Fig1a-eps-converted-to.pdf, id=142, 531.9875pt x 654.445pt>
File: Fig1a-eps-converted-to.pdf Graphic file (type pdf)

<use Fig1a-eps-converted-to.pdf>
Package pdftex.def Info: Fig1a-eps-converted-to.pdf used on input line 434.
(pdftex.def)             Requested size: 79.66771pt x 98.00273pt.
Package epstopdf Info: Source file: <Fig1b.eps>
(epstopdf)                    date: 2014-05-09 20:16:49
(epstopdf)                    size: 2105623 bytes
(epstopdf)             Output file: <Fig1b-eps-converted-to.pdf>
(epstopdf)                    date: 2014-05-09 20:45:13
(epstopdf)                    size: 39761 bytes
(epstopdf)             Command: <repstopdf --outfile=Fig1b-eps-converted-to.pdf
 Fig1b.eps>
(epstopdf)             \includegraphics on input line 435.
Package epstopdf Info: Output file is already uptodate.

<Fig1b-eps-converted-to.pdf, id=143, 531.9875pt x 654.445pt>
File: Fig1b-eps-converted-to.pdf Graphic file (type pdf)

<use Fig1b-eps-converted-to.pdf>
Package pdftex.def Info: Fig1b-eps-converted-to.pdf used on input line 435.
(pdftex.def)             Requested size: 79.66771pt x 98.00273pt.
Package epstopdf Info: Source file: <Fig1c.eps>
(epstopdf)                    date: 2014-05-09 20:16:49
(epstopdf)                    size: 2105623 bytes
(epstopdf)             Output file: <Fig1c-eps-converted-to.pdf>
(epstopdf)                    date: 2014-05-09 20:45:16
(epstopdf)                    size: 43067 bytes
(epstopdf)             Command: <repstopdf --outfile=Fig1c-eps-converted-to.pdf
 Fig1c.eps>
(epstopdf)             \includegraphics on input line 436.
Package epstopdf Info: Output file is already uptodate.

<Fig1c-eps-converted-to.pdf, id=144, 531.9875pt x 654.445pt>
File: Fig1c-eps-converted-to.pdf Graphic file (type pdf)

<use Fig1c-eps-converted-to.pdf>
Package pdftex.def Info: Fig1c-eps-converted-to.pdf used on input line 436.
(pdftex.def)             Requested size: 79.66771pt x 98.00273pt.
Package epstopdf Info: Source file: <Fig1d.eps>
(epstopdf)                    date: 2014-05-09 20:16:49
(epstopdf)                    size: 2105623 bytes
(epstopdf)             Output file: <Fig1d-eps-converted-to.pdf>
(epstopdf)                    date: 2014-05-09 20:45:19
(epstopdf)                    size: 62601 bytes
(epstopdf)             Command: <repstopdf --outfile=Fig1d-eps-converted-to.pdf
 Fig1d.eps>
(epstopdf)             \includegraphics on input line 437.
Package epstopdf Info: Output file is already uptodate.

<Fig1d-eps-converted-to.pdf, id=145, 531.9875pt x 654.445pt>
File: Fig1d-eps-converted-to.pdf Graphic file (type pdf)

<use Fig1d-eps-converted-to.pdf>
Package pdftex.def Info: Fig1d-eps-converted-to.pdf used on input line 437.
(pdftex.def)             Requested size: 79.66771pt x 98.00273pt.
Package epstopdf Info: Source file: <Fig2.eps>
(epstopdf)                    date: 2014-05-09 20:16:50
(epstopdf)                    size: 11237364 bytes
(epstopdf)             Output file: <Fig2-eps-converted-to.pdf>
(epstopdf)                    date: 2014-05-09 20:45:28
(epstopdf)                    size: 405284 bytes
(epstopdf)             Command: <repstopdf --outfile=Fig2-eps-converted-to.pdf 
Fig2.eps>
(epstopdf)             \includegraphics on input line 450.
Package epstopdf Info: Output file is already uptodate.

<Fig2-eps-converted-to.pdf, id=146, 578.16pt x 417.56pt>
File: Fig2-eps-converted-to.pdf Graphic file (type pdf)

<use Fig2-eps-converted-to.pdf>
Package pdftex.def Info: Fig2-eps-converted-to.pdf used on input line 450.
(pdftex.def)             Requested size: 341.43306pt x 246.58762pt.
 [4] [5 <./Fig1a-eps-converted-to.pdf> <./Fig1b-eps-converted-to.pdf> <./Fig1c-
eps-converted-to.pdf> <./Fig1d-eps-converted-to.pdf>]
Package epstopdf Info: Source file: <Fig3.eps>
(epstopdf)                    date: 2014-05-09 20:16:51
(epstopdf)                    size: 19910818 bytes
(epstopdf)             Output file: <Fig3-eps-converted-to.pdf>
(epstopdf)                    date: 2014-05-09 20:45:44
(epstopdf)                    size: 561607 bytes
(epstopdf)             Command: <repstopdf --outfile=Fig3-eps-converted-to.pdf 
Fig3.eps>
(epstopdf)             \includegraphics on input line 494.
Package epstopdf Info: Output file is already uptodate.
 <Fig3-eps-converted-to.pdf, id=195, 578.16pt x 738.76pt>
File: Fig3-eps-converted-to.pdf Graphic file (type pdf)

<use Fig3-eps-converted-to.pdf>
Package pdftex.def Info: Fig3-eps-converted-to.pdf used on input line 494.
(pdftex.def)             Requested size: 284.52756pt x 363.56244pt.

Underfull \vbox (badness 10000) has occurred while \output is active []

 [6 <./Fig2-eps-converted-to.pdf>]
Underfull \vbox (badness 10000) has occurred while \output is active []

 [7 <./Fig3-eps-converted-to.pdf>] [8]
Package epstopdf Info: Source file: <Fig4.eps>
(epstopdf)                    date: 2014-05-09 20:16:52
(epstopdf)                    size: 8031105 bytes
(epstopdf)             Output file: <Fig4-eps-converted-to.pdf>
(epstopdf)                    date: 2014-05-09 20:45:51
(epstopdf)                    size: 365889 bytes
(epstopdf)             Command: <repstopdf --outfile=Fig4-eps-converted-to.pdf 
Fig4.eps>
(epstopdf)             \includegraphics on input line 613.
Package epstopdf Info: Output file is already uptodate.

<Fig4-eps-converted-to.pdf, id=251, 578.16pt x 298.11375pt>
File: Fig4-eps-converted-to.pdf Graphic file (type pdf)

<use Fig4-eps-converted-to.pdf>
Package pdftex.def Info: Fig4-eps-converted-to.pdf used on input line 613.
(pdftex.def)             Requested size: 341.43306pt x 176.04935pt.
Package epstopdf Info: Source file: <Fig5.eps>
(epstopdf)                    date: 2014-05-09 20:16:54
(epstopdf)                    size: 26800854 bytes
(epstopdf)             Output file: <Fig5-eps-converted-to.pdf>
(epstopdf)                    date: 2014-05-09 20:46:12
(epstopdf)                    size: 355752 bytes
(epstopdf)             Command: <repstopdf --outfile=Fig5-eps-converted-to.pdf 
Fig5.eps>
(epstopdf)             \includegraphics on input line 645.
Package epstopdf Info: Output file is already uptodate.

<Fig5-eps-converted-to.pdf, id=252, 722.7pt x 795.97375pt>
File: Fig5-eps-converted-to.pdf Graphic file (type pdf)

<use Fig5-eps-converted-to.pdf>
Package pdftex.def Info: Fig5-eps-converted-to.pdf used on input line 645.
(pdftex.def)             Requested size: 426.79134pt x 470.06984pt.
 [9 <./Fig4-eps-converted-to.pdf>] [10 <./Fig5-eps-converted-to.pdf>] [11] [12]
Package epstopdf Info: Source file: <Fig6.eps>
(epstopdf)                    date: 2014-05-09 20:16:54
(epstopdf)                    size: 6150233 bytes
(epstopdf)             Output file: <Fig6-eps-converted-to.pdf>
(epstopdf)                    date: 2014-05-09 20:46:17
(epstopdf)                    size: 512294 bytes
(epstopdf)             Command: <repstopdf --outfile=Fig6-eps-converted-to.pdf 
Fig6.eps>
(epstopdf)             \includegraphics on input line 871.
Package epstopdf Info: Output file is already uptodate.

<Fig6-eps-converted-to.pdf, id=322, 289.08pt x 456.70625pt>
File: Fig6-eps-converted-to.pdf Graphic file (type pdf)

<use Fig6-eps-converted-to.pdf>
Package pdftex.def Info: Fig6-eps-converted-to.pdf used on input line 871.
(pdftex.def)             Requested size: 250.38425pt x 395.56812pt.
 [13]
Underfull \vbox (badness 4621) has occurred while \output is active []

 [14 <./Fig6-eps-converted-to.pdf>] [15]
Overfull \hbox (5.52621pt too wide) in paragraph at lines 1085--1087
[]\OT1/cmtt/m/n/10 applyTumorSegmentationModelForCohort.pl\OT1/cmr/m/n/10 : Co-
or-di-nates tu-mor seg-men-
 []

[16] [17]
Package epstopdf Info: Source file: <Fig7.eps>
(epstopdf)                    date: 2014-05-09 20:16:56
(epstopdf)                    size: 19579473 bytes
(epstopdf)             Output file: <Fig7-eps-converted-to.pdf>
(epstopdf)                    date: 2014-05-09 20:46:32
(epstopdf)                    size: 749277 bytes
(epstopdf)             Command: <repstopdf --outfile=Fig7-eps-converted-to.pdf 
Fig7.eps>
(epstopdf)             \includegraphics on input line 1214.
Package epstopdf Info: Output file is already uptodate.
 <Fig7-eps-converted-to.pdf, id=399, 578.16pt x 726.715pt>
File: Fig7-eps-converted-to.pdf Graphic file (type pdf)

<use Fig7-eps-converted-to.pdf>
Package pdftex.def Info: Fig7-eps-converted-to.pdf used on input line 1214.
(pdftex.def)             Requested size: 398.33858pt x 500.69093pt.
Package epstopdf Info: Source file: <Fig8a.eps>
(epstopdf)                    date: 2014-05-09 20:16:57
(epstopdf)                    size: 7797216 bytes
(epstopdf)             Output file: <Fig8a-eps-converted-to.pdf>
(epstopdf)                    date: 2014-05-09 20:46:39
(epstopdf)                    size: 349898 bytes
(epstopdf)             Command: <repstopdf --outfile=Fig8a-eps-converted-to.pdf
 Fig8a.eps>
(epstopdf)             \includegraphics on input line 1293.
Package epstopdf Info: Output file is already uptodate.

<Fig8a-eps-converted-to.pdf, id=404, 289.08pt x 578.16pt>
File: Fig8a-eps-converted-to.pdf Graphic file (type pdf)

<use Fig8a-eps-converted-to.pdf>
Package pdftex.def Info: Fig8a-eps-converted-to.pdf used on input line 1293.
(pdftex.def)             Requested size: 227.62204pt x 455.24165pt.
Package epstopdf Info: Source file: <Fig8b.eps>
(epstopdf)                    date: 2014-05-09 20:16:57
(epstopdf)                    size: 7797216 bytes
(epstopdf)             Output file: <Fig8b-eps-converted-to.pdf>
(epstopdf)                    date: 2014-05-09 20:46:46
(epstopdf)                    size: 355137 bytes
(epstopdf)             Command: <repstopdf --outfile=Fig8b-eps-converted-to.pdf
 Fig8b.eps>
(epstopdf)             \includegraphics on input line 1293.
Package epstopdf Info: Output file is already uptodate.

<Fig8b-eps-converted-to.pdf, id=405, 289.08pt x 578.16pt>
File: Fig8b-eps-converted-to.pdf Graphic file (type pdf)

<use Fig8b-eps-converted-to.pdf>
Package pdftex.def Info: Fig8b-eps-converted-to.pdf used on input line 1293.
(pdftex.def)             Requested size: 227.62204pt x 455.24165pt.
Package epstopdf Info: Source file: <Fig9a.eps>
(epstopdf)                    date: 2014-05-09 20:16:58
(epstopdf)                    size: 7797216 bytes
(epstopdf)             Output file: <Fig9a-eps-converted-to.pdf>
(epstopdf)                    date: 2014-05-09 20:46:52
(epstopdf)                    size: 349460 bytes
(epstopdf)             Command: <repstopdf --outfile=Fig9a-eps-converted-to.pdf
 Fig9a.eps>
(epstopdf)             \includegraphics on input line 1307.
Package epstopdf Info: Output file is already uptodate.

<Fig9a-eps-converted-to.pdf, id=406, 289.08pt x 578.16pt>
File: Fig9a-eps-converted-to.pdf Graphic file (type pdf)

<use Fig9a-eps-converted-to.pdf>
Package pdftex.def Info: Fig9a-eps-converted-to.pdf used on input line 1307.
(pdftex.def)             Requested size: 227.62204pt x 455.24165pt.
Package epstopdf Info: Source file: <Fig9b.eps>
(epstopdf)                    date: 2014-05-09 20:16:58
(epstopdf)                    size: 7797216 bytes
(epstopdf)             Output file: <Fig9b-eps-converted-to.pdf>
(epstopdf)                    date: 2014-05-09 20:46:59
(epstopdf)                    size: 355162 bytes
(epstopdf)             Command: <repstopdf --outfile=Fig9b-eps-converted-to.pdf
 Fig9b.eps>
(epstopdf)             \includegraphics on input line 1307.
Package epstopdf Info: Output file is already uptodate.

<Fig9b-eps-converted-to.pdf, id=407, 289.08pt x 578.16pt>
File: Fig9b-eps-converted-to.pdf Graphic file (type pdf)

<use Fig9b-eps-converted-to.pdf>
Package pdftex.def Info: Fig9b-eps-converted-to.pdf used on input line 1307.
(pdftex.def)             Requested size: 227.62204pt x 455.24165pt.
 [18] [19 <./Fig7-eps-converted-to.pdf>]
[20 <./Fig8a-eps-converted-to.pdf> <./Fig8b-eps-converted-to.pdf>] [21 <./Fig9a
-eps-converted-to.pdf> <./Fig9b-eps-converted-to.pdf>] [22] (./template.bbl
Underfull \hbox (badness 2512) in paragraph at lines 23--26
[]\OT1/cmr/m/n/10 Ashburner J, Fris-ton K (1997) Mul-ti-modal im-age coreg-is-t
ra-tion and
 []

[23]
Underfull \vbox (badness 10000) has occurred while \output is active []

 [24]
Underfull \vbox (badness 10000) has occurred while \output is active []

 [25]
Underfull \vbox (badness 10000) has occurred while \output is active []

 [26])
Package atveryend Info: Empty hook `BeforeClearDocument' on input line 1412.

[27]
Package atveryend Info: Empty hook `AfterLastShipout' on input line 1412.
 (./template.aux)
Package atveryend Info: Executing hook `AtVeryEndDocument' on input line 1412.
Package atveryend Info: Executing hook `AtEndAfterFileList' on input line 1412.

Package rerunfilecheck Info: File `template.out' has not changed.
(rerunfilecheck)             Checksum: 4BF6788AE2DABDD7564EE2B7F9F2AFAA;206.


LaTeX Warning: Label(s) may have changed. Rerun to get cross-references right.

Package atveryend Info: Empty hook `AtVeryVeryEnd' on input line 1412.
 ) 
Here is how much of TeX's memory you used:
 8467 strings out of 493315
 122755 string characters out of 6137904
 228571 words of memory out of 5000000
 11658 multiletter control sequences out of 15000+600000
 15038 words of font info for 56 fonts, out of 8000000 for 9000
 957 hyphenation exceptions out of 8191
 30i,13n,53p,1196b,508s stack positions out of 5000i,500n,10000p,200000b,80000s
</usr/local/texlive/2013/texmf-dist/fonts/type1/public/amsfonts/cm/cmbsy10.pf
b></usr/local/texlive/2013/texmf-dist/fonts/type1/public/amsfonts/cm/cmbx10.pfb
></usr/local/texlive/2013/texmf-dist/fonts/type1/public/amsfonts/cm/cmbx12.pfb>
</usr/local/texlive/2013/texmf-dist/fonts/type1/public/amsfonts/cm/cmbx8.pfb></
usr/local/texlive/2013/texmf-dist/fonts/type1/public/amsfonts/cm/cmbxti10.pfb><
/usr/local/texlive/2013/texmf-dist/fonts/type1/public/amsfonts/cm/cmex10.pfb></
usr/local/texlive/2013/texmf-dist/fonts/type1/public/amsfonts/cm/cmmi10.pfb></u
sr/local/texlive/2013/texmf-dist/fonts/type1/public/amsfonts/cm/cmmi6.pfb></usr
/local/texlive/2013/texmf-dist/fonts/type1/public/amsfonts/cm/cmmi7.pfb></usr/l
ocal/texlive/2013/texmf-dist/fonts/type1/public/amsfonts/cm/cmmi8.pfb></usr/loc
al/texlive/2013/texmf-dist/fonts/type1/public/amsfonts/cm/cmmib10.pfb></usr/loc
al/texlive/2013/texmf-dist/fonts/type1/public/amsfonts/cm/cmr10.pfb></usr/local
/texlive/2013/texmf-dist/fonts/type1/public/amsfonts/cm/cmr6.pfb></usr/local/te
xlive/2013/texmf-dist/fonts/type1/public/amsfonts/cm/cmr7.pfb></usr/local/texli
ve/2013/texmf-dist/fonts/type1/public/amsfonts/cm/cmr8.pfb></usr/local/texlive/
2013/texmf-dist/fonts/type1/public/amsfonts/cm/cmsy10.pfb></usr/local/texlive/2
013/texmf-dist/fonts/type1/public/amsfonts/cm/cmsy5.pfb></usr/local/texlive/201
3/texmf-dist/fonts/type1/public/amsfonts/cm/cmsy6.pfb></usr/local/texlive/2013/
texmf-dist/fonts/type1/public/amsfonts/cm/cmsy7.pfb></usr/local/texlive/2013/te
xmf-dist/fonts/type1/public/amsfonts/cm/cmsy8.pfb></usr/local/texlive/2013/texm
f-dist/fonts/type1/public/amsfonts/cm/cmti10.pfb></usr/local/texlive/2013/texmf
-dist/fonts/type1/public/amsfonts/cm/cmtt10.pfb></usr/local/texlive/2013/texmf-
dist/fonts/type1/public/amsfonts/cm/cmtt8.pfb></usr/local/texlive/2013/texmf-di
st/fonts/type1/public/amsfonts/symbols/msam10.pfb>
Output written on template.pdf (27 pages, 4866512 bytes).
PDF statistics:
 592 PDF objects out of 1000 (max. 8388607)
 497 compressed objects within 5 object streams
 120 named destinations out of 1000 (max. 500000)
 103 words of extra memory for PDF output out of 10000 (max. 10000000)

